#
# There is insufficient memory for the Java Runtime Environment to continue.
# Native memory allocation (mmap) failed to map 536870912 bytes for G1 virtual space
# Possible reasons:
#   The system is out of physical RAM or swap space
#   The process is running with CompressedOops enabled, and the Java Heap may be blocking the growth of the native heap
# Possible solutions:
#   Reduce memory load on the system
#   Increase physical memory or swap space
#   Check if swap backing store is full
#   Decrease Java heap size (-Xmx/-Xms)
#   Decrease number of Java threads
#   Decrease Java thread stack sizes (-Xss)
#   Set larger code cache with -XX:ReservedCodeCacheSize=
#   JVM is running with Zero Based Compressed Oops mode in which the Java heap is
#     placed in the first 32GB address space. The Java Heap base address is the
#     maximum limit for the native heap growth. Please use -XX:HeapBaseMinAddress
#     to set the Java Heap base and to place the Java Heap above 32GB virtual address.
# This output file may be truncated or incomplete.
#
#  Out of Memory Error (os_windows.cpp:3535), pid=51044, tid=35456
#
# JRE version:  (17.0.3.1+2) (build )
# Java VM: Java HotSpot(TM) 64-Bit Server VM (17.0.3.1+2-LTS-6, mixed mode, sharing, tiered, compressed oops, compressed class ptrs, g1 gc, windows-amd64)
# No core dump will be written. Minidumps are not enabled by default on client versions of Windows
#

---------------  S U M M A R Y ------------

Command Line: -Dmaven.multiModuleProjectDirectory=d:\Proyectos\Incluit\TechGroups\techgroup_dapr\calendar org.apache.maven.wrapper.MavenWrapperMain -B -N -DgraphFormat=text -DshowDuplicates -DshowConflicts -DshowVersions -DshowGroupIds -DoutputDirectory=c:\Users\coder.CODER_WS\AppData\Roaming\Code\User\workspaceStorage\2796c288badcf7e0e707d4b2ea11bf95\vscjava.vscode-maven -DoutputFileName=adc99d7d2dee55ead09e2f7269017a69.deps.txt com.github.ferstl:depgraph-maven-plugin:4.0.2:graph -f d:\Proyectos\Incluit\TechGroups\techgroup_dapr\calendar\pom.xml

Host: AMD Ryzen 5 3600 6-Core Processor              , 12 cores, 31G,  Windows 10 , 64 bit Build 19041 (10.0.19041.1706)
Time: Thu Jun 22 01:08:01 2023 Hora estándar de Argentina elapsed time: 0.010615 seconds (0d 0h 0m 0s)

---------------  T H R E A D  ---------------

Current thread (0x000001e4ad885510):  JavaThread "Unknown thread" [_thread_in_vm, id=35456, stack(0x00000009bca00000,0x00000009bcb00000)]

Stack: [0x00000009bca00000,0x00000009bcb00000]
Native frames: (J=compiled Java code, j=interpreted, Vv=VM code, C=native code)
V  [jvm.dll+0x6711ba]
V  [jvm.dll+0x7d0834]
V  [jvm.dll+0x7d1fde]
V  [jvm.dll+0x7d2643]
V  [jvm.dll+0x242c85]
V  [jvm.dll+0x66e0d9]
V  [jvm.dll+0x662a22]
V  [jvm.dll+0x300ddb]
V  [jvm.dll+0x308376]
V  [jvm.dll+0x357f7e]
V  [jvm.dll+0x3581af]
V  [jvm.dll+0x2d7ff8]
V  [jvm.dll+0x2d8f64]
V  [jvm.dll+0x7a2411]
V  [jvm.dll+0x365d01]
V  [jvm.dll+0x78187c]
V  [jvm.dll+0x3e873f]
V  [jvm.dll+0x3ea1e1]
C  [jli.dll+0x527b]
C  [ucrtbase.dll+0x21bb2]
C  [KERNEL32.DLL+0x17034]
C  [ntdll.dll+0x52651]


---------------  P R O C E S S  ---------------

Threads class SMR info:
_java_thread_list=0x00007ff9b5269858, length=0, elements={
}

Java Threads: ( => current thread )

Other Threads:
  0x000001e4ad935e70 GCTaskThread "GC Thread#0" [stack: 0x00000009bcb00000,0x00000009bcc00000] [id=44992]
  0x000001e4ad948460 ConcurrentGCThread "G1 Main Marker" [stack: 0x00000009bcc00000,0x00000009bcd00000] [id=27820]
  0x000001e4ad949190 ConcurrentGCThread "G1 Conc#0" [stack: 0x00000009bcd00000,0x00000009bce00000] [id=6008]

[error occurred during error reporting (printing all threads), id 0xc0000005, EXCEPTION_ACCESS_VIOLATION (0xc0000005) at pc=0x00007ff9b4ab89e7]

VM state: not at safepoint (not fully initialized)

VM Mutex/Monitor currently owned by a thread:  ([mutex/lock_event])
[0x000001e4ad882820] Heap_lock - owner thread: 0x000001e4ad885510

Heap address: 0x0000000601000000, size: 8176 MB, Compressed Oops mode: Zero based, Oop shift amount: 3

CDS archive(s) mapped at: [0x0000000000000000-0x0000000000000000-0x0000000000000000), size 0, SharedBaseAddress: 0x0000000800000000, ArchiveRelocationMode: 0.
Narrow klass base: 0x0000000000000000, Narrow klass shift: 0, Narrow klass range: 0x0

GC Precious Log:
<Empty>

Heap:
 garbage-first heap   total 0K, used 0K [0x0000000601000000, 0x0000000800000000)
  region size 4096K, 0 young (0K), 0 survivors (0K)

[error occurred during error reporting (printing heap information), id 0xc0000005, EXCEPTION_ACCESS_VIOLATION (0xc0000005) at pc=0x00007ff9b4e9a629]

GC Heap History (0 events):
No events

Deoptimization events (0 events):
No events

Classes unloaded (0 events):
No events

Classes redefined (0 events):
No events

Internal exceptions (0 events):
No events

VM Operations (0 events):
No events

Events (1 events):
Event: 0.006 Loaded shared library C:\Program Files\Java\jdk-17.0.3.1\bin\java.dll


Dynamic libraries:
0x00007ff747780000 - 0x00007ff747790000 	C:\Program Files\Java\jdk-17.0.3.1\bin\java.exe
0x00007ffaab6b0000 - 0x00007ffaab8a5000 	C:\Windows\SYSTEM32\ntdll.dll
0x00007ffaa9e60000 - 0x00007ffaa9f1d000 	C:\Windows\System32\KERNEL32.DLL
0x00007ffaa9430000 - 0x00007ffaa96fd000 	C:\Windows\System32\KERNELBASE.dll
0x00007ffaa8ff0000 - 0x00007ffaa90f0000 	C:\Windows\System32\ucrtbase.dll
0x00007ffa4a3b0000 - 0x00007ffa4a3c8000 	C:\Program Files\Java\jdk-17.0.3.1\bin\jli.dll
0x00007ffa4a390000 - 0x00007ffa4a3aa000 	C:\Program Files\Java\jdk-17.0.3.1\bin\VCRUNTIME140.dll
0x00007ffaab260000 - 0x00007ffaab30e000 	C:\Windows\System32\ADVAPI32.dll
0x00007ffaaa130000 - 0x00007ffaaa1ce000 	C:\Windows\System32\msvcrt.dll
0x00007ffaaad70000 - 0x00007ffaaae0c000 	C:\Windows\System32\sechost.dll
0x00007ffaa9f20000 - 0x00007ffaaa045000 	C:\Windows\System32\RPCRT4.dll
0x00007ffaaa3f0000 - 0x00007ffaaa590000 	C:\Windows\System32\USER32.dll
0x00007ffa9bbe0000 - 0x00007ffa9be7a000 	C:\Windows\WinSxS\amd64_microsoft.windows.common-controls_6595b64144ccf1df_6.0.19041.1110_none_60b5254171f9507e\COMCTL32.dll
0x00007ffaa9400000 - 0x00007ffaa9422000 	C:\Windows\System32\win32u.dll
0x00007ffaab0d0000 - 0x00007ffaab0fa000 	C:\Windows\System32\GDI32.dll
0x00007ffaa9140000 - 0x00007ffaa924b000 	C:\Windows\System32\gdi32full.dll
0x00007ffaa8f20000 - 0x00007ffaa8fbd000 	C:\Windows\System32\msvcp_win.dll
0x00007ffaa15a0000 - 0x00007ffaa15aa000 	C:\Windows\SYSTEM32\VERSION.dll
0x00007ffaab100000 - 0x00007ffaab130000 	C:\Windows\System32\IMM32.DLL
0x00007ffa49780000 - 0x00007ffa4978c000 	C:\Program Files\Java\jdk-17.0.3.1\bin\vcruntime140_1.dll
0x00007ff9c5130000 - 0x00007ff9c51bd000 	C:\Program Files\Java\jdk-17.0.3.1\bin\msvcp140.dll
0x00007ff9b47d0000 - 0x00007ff9b5390000 	C:\Program Files\Java\jdk-17.0.3.1\bin\server\jvm.dll
0x00007ffaaa1d0000 - 0x00007ffaaa1d8000 	C:\Windows\System32\PSAPI.DLL
0x00007ffa98a90000 - 0x00007ffa98a99000 	C:\Windows\SYSTEM32\WSOCK32.dll
0x00007ffa99ee0000 - 0x00007ffa99f07000 	C:\Windows\SYSTEM32\WINMM.dll
0x00007ffaab060000 - 0x00007ffaab0cb000 	C:\Windows\System32\WS2_32.dll
0x00007ffaa6bc0000 - 0x00007ffaa6bd2000 	C:\Windows\SYSTEM32\kernel.appcore.dll
0x00007ffa49770000 - 0x00007ffa4977a000 	C:\Program Files\Java\jdk-17.0.3.1\bin\jimage.dll
0x00007ffaa6360000 - 0x00007ffaa6544000 	C:\Windows\SYSTEM32\DBGHELP.DLL
0x00007ffa99510000 - 0x00007ffa9953c000 	C:\Windows\SYSTEM32\dbgcore.DLL
0x00007ffaa92c0000 - 0x00007ffaa9342000 	C:\Windows\System32\bcryptPrimitives.dll
0x00007ffa495e0000 - 0x00007ffa49605000 	C:\Program Files\Java\jdk-17.0.3.1\bin\java.dll

dbghelp: loaded successfully - version: 4.0.5 - missing functions: none
symbol engine: initialized successfully - sym options: 0x614 - pdb path: .;C:\Program Files\Java\jdk-17.0.3.1\bin;C:\Windows\SYSTEM32;C:\Windows\WinSxS\amd64_microsoft.windows.common-controls_6595b64144ccf1df_6.0.19041.1110_none_60b5254171f9507e;C:\Program Files\Java\jdk-17.0.3.1\bin\server

VM Arguments:
jvm_args: -Dmaven.multiModuleProjectDirectory=d:\Proyectos\Incluit\TechGroups\techgroup_dapr\calendar 
java_command: org.apache.maven.wrapper.MavenWrapperMain -B -N -DgraphFormat=text -DshowDuplicates -DshowConflicts -DshowVersions -DshowGroupIds -DoutputDirectory=c:\Users\coder.CODER_WS\AppData\Roaming\Code\User\workspaceStorage\2796c288badcf7e0e707d4b2ea11bf95\vscjava.vscode-maven -DoutputFileName=adc99d7d2dee55ead09e2f7269017a69.deps.txt com.github.ferstl:depgraph-maven-plugin:4.0.2:graph -f d:\Proyectos\Incluit\TechGroups\techgroup_dapr\calendar\pom.xml
java_class_path (initial): d:\Proyectos\Incluit\TechGroups\techgroup_dapr\calendar\.mvn\wrapper\maven-wrapper.jar
Launcher Type: SUN_STANDARD

[Global flags]
     intx CICompilerCount                          = 4                                         {product} {ergonomic}
     uint ConcGCThreads                            = 3                                         {product} {ergonomic}
     uint G1ConcRefinementThreads                  = 10                                        {product} {ergonomic}
   size_t G1HeapRegionSize                         = 4194304                                   {product} {ergonomic}
    uintx GCDrainStackTargetSize                   = 64                                        {product} {ergonomic}
   size_t InitialHeapSize                          = 536870912                                 {product} {ergonomic}
   size_t MarkStackSize                            = 4194304                                   {product} {ergonomic}
   size_t MaxHeapSize                              = 8573157376                                {product} {ergonomic}
   size_t MinHeapDeltaBytes                        = 4194304                                   {product} {ergonomic}
   size_t MinHeapSize                              = 8388608                                   {product} {ergonomic}
    uintx NonNMethodCodeHeapSize                   = 5839372                                {pd product} {ergonomic}
    uintx NonProfiledCodeHeapSize                  = 122909434                              {pd product} {ergonomic}
    uintx ProfiledCodeHeapSize                     = 122909434                              {pd product} {ergonomic}
    uintx ReservedCodeCacheSize                    = 251658240                              {pd product} {ergonomic}
     bool SegmentedCodeCache                       = true                                      {product} {ergonomic}
   size_t SoftMaxHeapSize                          = 8573157376                             {manageable} {ergonomic}
     bool UseCompressedClassPointers               = true                           {product lp64_product} {ergonomic}
     bool UseCompressedOops                        = true                           {product lp64_product} {ergonomic}
     bool UseG1GC                                  = true                                      {product} {ergonomic}
     bool UseLargePagesIndividualAllocation        = false                                  {pd product} {ergonomic}

Logging:
Log output configuration:
 #0: stdout all=warning uptime,level,tags
 #1: stderr all=off uptime,level,tags

Environment Variables:
JAVA_HOME=C:\Program Files\Java\jdk-17.0.3.1
PATH=C:\Python311\Scripts\;C:\Python311\;C:\Program Files (x86)\Razer Chroma SDK\bin;C:\Program Files\Razer Chroma SDK\bin;C:\Program Files (x86)\Razer\ChromaBroadcast\bin;C:\Program Files\Razer\ChromaBroadcast\bin;C:\Program Files\Common Files\Oracle\Java\javapath;C:\Python27\;C:\Python27\Scripts;C:\Program Files (x86)\Common Files\Intel\Shared Libraries\redist\intel64\compiler;C:\Windows\system32;C:\Windows;C:\Windows\System32\Wbem;C:\Windows\System32\WindowsPowerShell\v1.0\;C:\Windows\System32\OpenSSH\;C:\Program Files\OpenVPN\bin;C:\Program Files\dotnet\;C:\ProgramData\chocolatey\bin;C:\Program Files\Intel\WiFi\bin\;C:\Program Files\Common Files\Intel\WirelessCommon\;C:\Program Files\PuTTY\;D:\Program Files\swipl\bin;D:\Program Files\Java\jdk1.8.0_301\bin\;C:\Program Files (x86)\Common Files\Oracle\Java\javapath;C:\Users\coder\AppData\Local\Android\Sdk\tools\bin;C:\Users\coder\AppData\Local\Android\Sdk\platform-tools;C:\Program Files\Microsoft SQL Server\130\Tools\Binn\;C:\Program Files\Microsoft SQL Server\Client SDK\ODBC\170\Tools\Binn\;C:\Program Files\RedHat\java-11-openjdk-jre-11.0.13-1\bin;E:\Tools\apache-maven-3.8.3\bin;E:\Tools\flutter\bin;C:\Windows\system32\config\systemprofile\AppData\Local\Microsoft\WindowsApps;E:\Program Files\Amazon\AWSCLIV2\;E:\Program Files\Go\bin;C:\Program Files\Git\cmd;C:\Program Files\nodejs\;C:\Program Files\Docker\Docker\resources\bin;C:\Users\coder.CODER_WS\.cargo\bin;C:\Users\coder.CODER_WS\AppData\Local\Microsoft\WindowsApps;C:\Users\coder.CODER_WS\AppData\Local\GitHubDesktop\bin;C:\Users\coder.CODER_WS\go\bin;D:\Program Files\JetBrains\DataGrip 2022.2.3\bin;C:\Users\coder.CODER_WS\AppData\Local\gitkraken\bin;C:\Users\coder.CODER_WS\AppData\Local\Programs\Microsoft VS Code\bin;C:\Program Files (x86)\MongoDB Atlas CLI\;D:\Program Files\JetBrains\RubyMine 2022.3.2\bin;C:\Users\coder.CODER_WS\AppData\Roaming\npm;C:\dapr;C:\Users\coder.CODER_WS\.dapr\bin;C:\Users\coder.CODER_WS\.dapr\bin;E:\Program Files\JetBrains\DataSpell 202
USERNAME=coder
OS=Windows_NT
PROCESSOR_IDENTIFIER=AMD64 Family 23 Model 113 Stepping 0, AuthenticAMD



---------------  S Y S T E M  ---------------

OS:
 Windows 10 , 64 bit Build 19041 (10.0.19041.1706)
OS uptime: 1 days 6:39 hours
Hyper-V role detected

CPU: total 12 (initial active 12) (12 cores per cpu, 2 threads per core) family 23 model 113 stepping 0 microcode 0x0, cx8, cmov, fxsr, ht, mmx, 3dnowpref, sse, sse2, sse3, ssse3, sse4a, sse4.1, sse4.2, popcnt, lzcnt, tsc, tscinvbit, avx, avx2, aes, clmul, bmi1, bmi2, adx, sha, fma, vzeroupper, clflush, clflushopt, hv

Memory: 4k page, system-wide physical 32695M (1281M free)
TotalPageFile size 61231M (AvailPageFile size 480M)
current process WorkingSet (physical memory assigned to process): 10M, peak: 10M
current process commit charge ("private bytes"): 64M, peak: 576M

vm_info: Java HotSpot(TM) 64-Bit Server VM (17.0.3.1+2-LTS-6) for windows-amd64 JRE (17.0.3.1+2-LTS-6), built on Apr 25 2022 22:04:21 by "mach5one" with MS VC++ 16.8 / 16.9 (VS2019)

END.
