Starting Dapr with id academymanager. HTTP Port: 45837. gRPC Port: 45271
Updating metadata for cliPID: 1989
time="2023-08-16T19:59:09.439679185-03:00" level=info msg="starting Dapr Runtime -- version 1.11.2 -- commit 83ca1abb11ffe34211db55dcd36d96b94252827a" app_id=academymanager instance=CODER_WS scope=dapr.runtime type=log ver=1.11.2
time="2023-08-16T19:59:09.439929815-03:00" level=info msg="log level set to: info" app_id=academymanager instance=CODER_WS scope=dapr.runtime type=log ver=1.11.2
time="2023-08-16T19:59:09.440166271-03:00" level=info msg="metrics server started on :38165/" app_id=academymanager instance=CODER_WS scope=dapr.metrics type=log ver=1.11.2
time="2023-08-16T19:59:09.441165091-03:00" level=info msg="Resiliency configuration loaded" app_id=academymanager instance=CODER_WS scope=dapr.runtime type=log ver=1.11.2
time="2023-08-16T19:59:09.441535324-03:00" level=info msg="standalone mode configured" app_id=academymanager instance=CODER_WS scope=dapr.runtime type=log ver=1.11.2
time="2023-08-16T19:59:09.4417048-03:00" level=info msg="app id: academymanager" app_id=academymanager instance=CODER_WS scope=dapr.runtime type=log ver=1.11.2
time="2023-08-16T19:59:09.44185445-03:00" level=info msg="mTLS is disabled. Skipping certificate request and tls validation" app_id=academymanager instance=CODER_WS scope=dapr.runtime type=log ver=1.11.2
time="2023-08-16T19:59:09.44202491-03:00" level=info msg="Dapr trace sampler initialized: DaprTraceSampler(P=1.000000)" app_id=academymanager instance=CODER_WS scope=dapr.runtime type=log ver=1.11.2
time="2023-08-16T19:59:09.44243098-03:00" level=info msg="local service entry announced: academymanager -> 172.19.3.255:40019" app_id=academymanager component="mdns (nameResolution/v1)" instance=CODER_WS scope=dapr.contrib type=log ver=1.11.2
time="2023-08-16T19:59:09.442648014-03:00" level=info msg="Initialized name resolution to mdns" app_id=academymanager instance=CODER_WS scope=dapr.runtime type=log ver=1.11.2
time="2023-08-16T19:59:09.442880235-03:00" level=info msg="Loading components…" app_id=academymanager instance=CODER_WS scope=dapr.runtime type=log ver=1.11.2
time="2023-08-16T19:59:09.445454802-03:00" level=info msg="Component loaded: pubsub (pubsub.redis/v1)" app_id=academymanager instance=CODER_WS scope=dapr.runtime type=log ver=1.11.2
time="2023-08-16T19:59:09.445687862-03:00" level=info msg="Waiting for all outstanding components to be processed" app_id=academymanager instance=CODER_WS scope=dapr.runtime type=log ver=1.11.2
time="2023-08-16T19:59:09.44807447-03:00" level=info msg="Using 'statestore' as actor state store" app_id=academymanager instance=CODER_WS scope=dapr.runtime type=log ver=1.11.2
time="2023-08-16T19:59:09.448278166-03:00" level=info msg="Component loaded: statestore (state.redis/v1)" app_id=academymanager instance=CODER_WS scope=dapr.runtime type=log ver=1.11.2
time="2023-08-16T19:59:09.448448546-03:00" level=info msg="All outstanding components processed" app_id=academymanager instance=CODER_WS scope=dapr.runtime type=log ver=1.11.2
time="2023-08-16T19:59:09.448594616-03:00" level=info msg="Loading endpoints" app_id=academymanager instance=CODER_WS scope=dapr.runtime type=log ver=1.11.2
time="2023-08-16T19:59:09.448914426-03:00" level=info msg="Waiting for all outstanding http endpoints to be processed" app_id=academymanager instance=CODER_WS scope=dapr.runtime type=log ver=1.11.2
time="2023-08-16T19:59:09.449096496-03:00" level=info msg="All outstanding http endpoints processed" app_id=academymanager instance=CODER_WS scope=dapr.runtime type=log ver=1.11.2
time="2023-08-16T19:59:09.449241766-03:00" level=info msg="gRPC proxy enabled" app_id=academymanager instance=CODER_WS scope=dapr.runtime type=log ver=1.11.2
time="2023-08-16T19:59:09.449401656-03:00" level=info msg="gRPC server listening on TCP address: :45271" app_id=academymanager instance=CODER_WS scope=dapr.runtime.grpc.api type=log ver=1.11.2
time="2023-08-16T19:59:09.449525686-03:00" level=info msg="Enabled gRPC tracing middleware" app_id=academymanager instance=CODER_WS scope=dapr.runtime.grpc.api type=log ver=1.11.2
time="2023-08-16T19:59:09.449688115-03:00" level=info msg="Enabled gRPC metrics middleware" app_id=academymanager instance=CODER_WS scope=dapr.runtime.grpc.api type=log ver=1.11.2
time="2023-08-16T19:59:09.449859215-03:00" level=info msg="Registering workflow engine for gRPC endpoint: [::]:45271" app_id=academymanager instance=CODER_WS scope=dapr.runtime.grpc.api type=log ver=1.11.2
time="2023-08-16T19:59:09.450019085-03:00" level=info msg="API gRPC server is running on port 45271" app_id=academymanager instance=CODER_WS scope=dapr.runtime type=log ver=1.11.2
time="2023-08-16T19:59:09.450498779-03:00" level=info msg="enabled metrics http middleware" app_id=academymanager instance=CODER_WS scope=dapr.runtime.http type=log ver=1.11.2
time="2023-08-16T19:59:09.450645385-03:00" level=info msg="enabled tracing http middleware" app_id=academymanager instance=CODER_WS scope=dapr.runtime.http type=log ver=1.11.2
time="2023-08-16T19:59:09.45078885-03:00" level=info msg="HTTP server listening on TCP address: :45837" app_id=academymanager instance=CODER_WS scope=dapr.runtime.http type=log ver=1.11.2
time="2023-08-16T19:59:09.450953275-03:00" level=info msg="http server is running on port 45837" app_id=academymanager instance=CODER_WS scope=dapr.runtime type=log ver=1.11.2
time="2023-08-16T19:59:09.451100745-03:00" level=info msg="The request body size parameter is: 4" app_id=academymanager instance=CODER_WS scope=dapr.runtime type=log ver=1.11.2
time="2023-08-16T19:59:09.451288164-03:00" level=info msg="gRPC server listening on TCP address: :40019" app_id=academymanager instance=CODER_WS scope=dapr.runtime.grpc.internal type=log ver=1.11.2
time="2023-08-16T19:59:09.451419519-03:00" level=info msg="Enabled gRPC tracing middleware" app_id=academymanager instance=CODER_WS scope=dapr.runtime.grpc.internal type=log ver=1.11.2
time="2023-08-16T19:59:09.451561224-03:00" level=info msg="Enabled gRPC metrics middleware" app_id=academymanager instance=CODER_WS scope=dapr.runtime.grpc.internal type=log ver=1.11.2
time="2023-08-16T19:59:09.451716834-03:00" level=info msg="internal gRPC server is running on port 40019" app_id=academymanager instance=CODER_WS scope=dapr.runtime type=log ver=1.11.2
time="2023-08-16T19:59:09.451859544-03:00" level=info msg="application protocol: http. waiting on port 8000.  This will block until the app is listening on that port." app_id=academymanager instance=CODER_WS scope=dapr.runtime type=log ver=1.11.2
Updating metadata for app command: dotnet run
Updating metadata for appPID: 2028
You're up and running! Dapr logs will appear here.


termination signal received: shutting down
Exited Dapr successfully
