== APP - academymanager == Building...
== APP - academymanager == /mnt/d/Proyectos/Incluit/TechGroups/techgroup_dapr/AcademyManager/AcademyManager/Migrations/20230705222135_init.cs(9,26): warning CS8981: The type name 'init' only contains lower-cased ascii characters. Such names may become reserved for the language. [/mnt/d/Proyectos/Incluit/TechGroups/techgroup_dapr/AcademyManager/AcademyManager/AcademyManager.csproj]
== APP - academymanager == /mnt/d/Proyectos/Incluit/TechGroups/techgroup_dapr/AcademyManager/AcademyManager/Migrations/20230705222135_init.Designer.cs(16,19): warning CS8981: The type name 'init' only contains lower-cased ascii characters. Such names may become reserved for the language. [/mnt/d/Proyectos/Incluit/TechGroups/techgroup_dapr/AcademyManager/AcademyManager/AcademyManager.csproj]
== APP - academymanager == /mnt/d/Proyectos/Incluit/TechGroups/techgroup_dapr/AcademyManager/AcademyManager/Domain/Teacher.cs(5,16): warning CS8618: Non-nullable property 'FirstName' must contain a non-null value when exiting constructor. Consider declaring the property as nullable. [/mnt/d/Proyectos/Incluit/TechGroups/techgroup_dapr/AcademyManager/AcademyManager/AcademyManager.csproj]
== APP - academymanager == /mnt/d/Proyectos/Incluit/TechGroups/techgroup_dapr/AcademyManager/AcademyManager/Domain/Teacher.cs(5,16): warning CS8618: Non-nullable property 'LastName' must contain a non-null value when exiting constructor. Consider declaring the property as nullable. [/mnt/d/Proyectos/Incluit/TechGroups/techgroup_dapr/AcademyManager/AcademyManager/AcademyManager.csproj]
== APP - academymanager == /mnt/d/Proyectos/Incluit/TechGroups/techgroup_dapr/AcademyManager/AcademyManager/Domain/Subject.cs(7,23): warning CS8618: Non-nullable property 'Name' must contain a non-null value when exiting constructor. Consider declaring the property as nullable. [/mnt/d/Proyectos/Incluit/TechGroups/techgroup_dapr/AcademyManager/AcademyManager/AcademyManager.csproj]
== APP - academymanager == /mnt/d/Proyectos/Incluit/TechGroups/techgroup_dapr/AcademyManager/AcademyManager/Domain/Course.cs(5,16): warning CS8618: Non-nullable property 'Section' must contain a non-null value when exiting constructor. Consider declaring the property as nullable. [/mnt/d/Proyectos/Incluit/TechGroups/techgroup_dapr/AcademyManager/AcademyManager/AcademyManager.csproj]
== APP - academymanager == /mnt/d/Proyectos/Incluit/TechGroups/techgroup_dapr/AcademyManager/AcademyManager/Domain/Academy.cs(5,16): warning CS8618: Non-nullable property 'Name' must contain a non-null value when exiting constructor. Consider declaring the property as nullable. [/mnt/d/Proyectos/Incluit/TechGroups/techgroup_dapr/AcademyManager/AcademyManager/AcademyManager.csproj]
== APP - academymanager == /mnt/d/Proyectos/Incluit/TechGroups/techgroup_dapr/AcademyManager/AcademyManager/Domain/Academy.cs(5,16): warning CS8618: Non-nullable property 'Description' must contain a non-null value when exiting constructor. Consider declaring the property as nullable. [/mnt/d/Proyectos/Incluit/TechGroups/techgroup_dapr/AcademyManager/AcademyManager/AcademyManager.csproj]
== APP - academymanager == /mnt/d/Proyectos/Incluit/TechGroups/techgroup_dapr/AcademyManager/AcademyManager/Application/Handler/Teacher/UpdateTeacherCommandHandler.cs(24,24): warning CS8603: Possible null reference return. [/mnt/d/Proyectos/Incluit/TechGroups/techgroup_dapr/AcademyManager/AcademyManager/AcademyManager.csproj]
== APP - academymanager == /mnt/d/Proyectos/Incluit/TechGroups/techgroup_dapr/AcademyManager/AcademyManager/Application/Handler/Academy/UpdateAcademyCommandHandler.cs(25,24): warning CS8603: Possible null reference return. [/mnt/d/Proyectos/Incluit/TechGroups/techgroup_dapr/AcademyManager/AcademyManager/AcademyManager.csproj]
== APP - academymanager == /mnt/d/Proyectos/Incluit/TechGroups/techgroup_dapr/AcademyManager/AcademyManager/Application/Handler/Academy/GetByIdAcademyQueryHandler.cs(32,24): warning CS8603: Possible null reference return. [/mnt/d/Proyectos/Incluit/TechGroups/techgroup_dapr/AcademyManager/AcademyManager/AcademyManager.csproj]
== APP - academymanager == /mnt/d/Proyectos/Incluit/TechGroups/techgroup_dapr/AcademyManager/AcademyManager/Application/Handler/Teacher/GetByIdTeacherQueryHandler.cs(32,24): warning CS8603: Possible null reference return. [/mnt/d/Proyectos/Incluit/TechGroups/techgroup_dapr/AcademyManager/AcademyManager/AcademyManager.csproj]
== APP - academymanager == /mnt/d/Proyectos/Incluit/TechGroups/techgroup_dapr/AcademyManager/AcademyManager/Application/Handler/Classroom/UpdateClassroomCommandHandler.cs(26,24): warning CS8603: Possible null reference return. [/mnt/d/Proyectos/Incluit/TechGroups/techgroup_dapr/AcademyManager/AcademyManager/AcademyManager.csproj]
== APP - academymanager == /mnt/d/Proyectos/Incluit/TechGroups/techgroup_dapr/AcademyManager/AcademyManager/Application/Handler/Classroom/GetByIdClassroomQueryHandler.cs(32,24): warning CS8603: Possible null reference return. [/mnt/d/Proyectos/Incluit/TechGroups/techgroup_dapr/AcademyManager/AcademyManager/AcademyManager.csproj]
== APP - academymanager == /mnt/d/Proyectos/Incluit/TechGroups/techgroup_dapr/AcademyManager/AcademyManager/Application/Handler/Course/UpdateCourseCommandHandler.cs(24,24): warning CS8603: Possible null reference return. [/mnt/d/Proyectos/Incluit/TechGroups/techgroup_dapr/AcademyManager/AcademyManager/AcademyManager.csproj]
== APP - academymanager == /mnt/d/Proyectos/Incluit/TechGroups/techgroup_dapr/AcademyManager/AcademyManager/Application/Handler/Subject/UpdateSubjectCommandHandler.cs(24,24): warning CS8603: Possible null reference return. [/mnt/d/Proyectos/Incluit/TechGroups/techgroup_dapr/AcademyManager/AcademyManager/AcademyManager.csproj]
== APP - academymanager == /mnt/d/Proyectos/Incluit/TechGroups/techgroup_dapr/AcademyManager/AcademyManager/Application/Handler/Course/GetByIdCourseQueryHandler.cs(33,24): warning CS8603: Possible null reference return. [/mnt/d/Proyectos/Incluit/TechGroups/techgroup_dapr/AcademyManager/AcademyManager/AcademyManager.csproj]
== APP - academymanager == /mnt/d/Proyectos/Incluit/TechGroups/techgroup_dapr/AcademyManager/AcademyManager/Application/Handler/Subject/GetByIdSubjectQueryHandler.cs(35,24): warning CS8603: Possible null reference return. [/mnt/d/Proyectos/Incluit/TechGroups/techgroup_dapr/AcademyManager/AcademyManager/AcademyManager.csproj]
== APP - academymanager == info: Microsoft.Hosting.Lifetime[14]
== APP - academymanager ==       Now listening on: http://localhost:8000
== APP - academymanager == info: Microsoft.Hosting.Lifetime[0]
== APP - academymanager ==       Application started. Press Ctrl+C to shut down.
== APP - academymanager == info: Microsoft.Hosting.Lifetime[0]
== APP - academymanager ==       Hosting environment: Development
== APP - academymanager == info: Microsoft.Hosting.Lifetime[0]
== APP - academymanager ==       Content root path: /mnt/d/Proyectos/Incluit/TechGroups/techgroup_dapr/AcademyManager/AcademyManager
== APP - academymanager == warn: Microsoft.EntityFrameworkCore.Model.Validation[20601]
== APP - academymanager ==       The 'bool' property 'Enabled' on entity type 'Academy' is configured with a database-generated default. This default will always be used for inserts when the property has the value 'false', since this is the CLR default for the 'bool' type. Consider using the nullable 'bool?' type instead, so that the default will only be used for inserts when the property value is 'null'.
== APP - academymanager == warn: Microsoft.EntityFrameworkCore.Model.Validation[20601]
== APP - academymanager ==       The 'bool' property 'Enabled' on entity type 'Classroom' is configured with a database-generated default. This default will always be used for inserts when the property has the value 'false', since this is the CLR default for the 'bool' type. Consider using the nullable 'bool?' type instead, so that the default will only be used for inserts when the property value is 'null'.
== APP - academymanager == warn: Microsoft.EntityFrameworkCore.Model.Validation[20601]
== APP - academymanager ==       The 'bool' property 'Enabled' on entity type 'Course' is configured with a database-generated default. This default will always be used for inserts when the property has the value 'false', since this is the CLR default for the 'bool' type. Consider using the nullable 'bool?' type instead, so that the default will only be used for inserts when the property value is 'null'.
== APP - academymanager == warn: Microsoft.EntityFrameworkCore.Model.Validation[20601]
== APP - academymanager ==       The 'bool' property 'Enabled' on entity type 'Subject' is configured with a database-generated default. This default will always be used for inserts when the property has the value 'false', since this is the CLR default for the 'bool' type. Consider using the nullable 'bool?' type instead, so that the default will only be used for inserts when the property value is 'null'.
== APP - academymanager == warn: Microsoft.EntityFrameworkCore.Model.Validation[20601]
== APP - academymanager ==       The 'bool' property 'Enabled' on entity type 'Teacher' is configured with a database-generated default. This default will always be used for inserts when the property has the value 'false', since this is the CLR default for the 'bool' type. Consider using the nullable 'bool?' type instead, so that the default will only be used for inserts when the property value is 'null'.
== APP - academymanager == fail: Microsoft.EntityFrameworkCore.Database.Connection[20004]
== APP - academymanager ==       An error occurred using the connection to database 'academy_manager' on server 'localhost,1433'.
== APP - academymanager == fail: Microsoft.EntityFrameworkCore.Query[10100]
== APP - academymanager ==       An exception occurred while iterating over the results of a query for context type 'AcademyManager.Infraestructure.Data.DataContext'.
== APP - academymanager ==       System.InvalidOperationException: An exception has been raised that is likely due to a transient failure. Consider enabling transient error resiliency by adding 'EnableRetryOnFailure' to the 'UseSqlServer' call.
== APP - academymanager ==        ---> Microsoft.Data.SqlClient.SqlException (0x80131904): Cannot open database "academy_manager" requested by the login. The login failed.
== APP - academymanager ==       Login failed for user 'sa'.
== APP - academymanager ==          at Microsoft.Data.SqlClient.SqlInternalConnection.OnError(SqlException exception, Boolean breakConnection, Action`1 wrapCloseInAction)
== APP - academymanager ==          at Microsoft.Data.SqlClient.TdsParser.ThrowExceptionAndWarning(TdsParserStateObject stateObj, Boolean callerHasConnectionLock, Boolean asyncClose)
== APP - academymanager ==          at Microsoft.Data.SqlClient.TdsParser.TryRun(RunBehavior runBehavior, SqlCommand cmdHandler, SqlDataReader dataStream, BulkCopySimpleResultSet bulkCopyHandler, TdsParserStateObject stateObj, Boolean& dataReady)
== APP - academymanager ==          at Microsoft.Data.SqlClient.TdsParser.Run(RunBehavior runBehavior, SqlCommand cmdHandler, SqlDataReader dataStream, BulkCopySimpleResultSet bulkCopyHandler, TdsParserStateObject stateObj)
== APP - academymanager ==          at Microsoft.Data.SqlClient.SqlInternalConnectionTds.CompleteLogin(Boolean enlistOK)
== APP - academymanager ==          at Microsoft.Data.SqlClient.SqlInternalConnectionTds.AttemptOneLogin(ServerInfo serverInfo, String newPassword, SecureString newSecurePassword, Boolean ignoreSniOpenTimeout, TimeoutTimer timeout, Boolean withFailover)
== APP - academymanager ==          at Microsoft.Data.SqlClient.SqlInternalConnectionTds.LoginNoFailover(ServerInfo serverInfo, String newPassword, SecureString newSecurePassword, Boolean redirectedUserInstance, SqlConnectionString connectionOptions, SqlCredential credential, TimeoutTimer timeout)
== APP - academymanager ==          at Microsoft.Data.SqlClient.SqlInternalConnectionTds.OpenLoginEnlist(TimeoutTimer timeout, SqlConnectionString connectionOptions, SqlCredential credential, String newPassword, SecureString newSecurePassword, Boolean redirectedUserInstance)
== APP - academymanager ==          at Microsoft.Data.SqlClient.SqlInternalConnectionTds..ctor(DbConnectionPoolIdentity identity, SqlConnectionString connectionOptions, SqlCredential credential, Object providerInfo, String newPassword, SecureString newSecurePassword, Boolean redirectedUserInstance, SqlConnectionString userConnectionOptions, SessionData reconnectSessionData, Boolean applyTransientFaultHandling, String accessToken, DbConnectionPool pool)
== APP - academymanager ==          at Microsoft.Data.SqlClient.SqlConnectionFactory.CreateConnection(DbConnectionOptions options, DbConnectionPoolKey poolKey, Object poolGroupProviderInfo, DbConnectionPool pool, DbConnection owningConnection, DbConnectionOptions userOptions)
== APP - academymanager ==          at Microsoft.Data.ProviderBase.DbConnectionFactory.CreatePooledConnection(DbConnectionPool pool, DbConnection owningObject, DbConnectionOptions options, DbConnectionPoolKey poolKey, DbConnectionOptions userOptions)
== APP - academymanager ==          at Microsoft.Data.ProviderBase.DbConnectionPool.CreateObject(DbConnection owningObject, DbConnectionOptions userOptions, DbConnectionInternal oldConnection)
== APP - academymanager ==          at Microsoft.Data.ProviderBase.DbConnectionPool.UserCreateRequest(DbConnection owningObject, DbConnectionOptions userOptions, DbConnectionInternal oldConnection)
== APP - academymanager ==          at Microsoft.Data.ProviderBase.DbConnectionPool.TryGetConnection(DbConnection owningObject, UInt32 waitForMultipleObjectsTimeout, Boolean allowCreate, Boolean onlyOneCheckConnection, DbConnectionOptions userOptions, DbConnectionInternal& connection)
== APP - academymanager ==          at Microsoft.Data.ProviderBase.DbConnectionPool.WaitForPendingOpen()
== APP - academymanager ==       --- End of stack trace from previous location ---
== APP - academymanager ==          at Microsoft.EntityFrameworkCore.Storage.RelationalConnection.OpenInternalAsync(Boolean errorsExpected, CancellationToken cancellationToken)
== APP - academymanager ==          at Microsoft.EntityFrameworkCore.Storage.RelationalConnection.OpenInternalAsync(Boolean errorsExpected, CancellationToken cancellationToken)
== APP - academymanager ==          at Microsoft.EntityFrameworkCore.Storage.RelationalConnection.OpenAsync(CancellationToken cancellationToken, Boolean errorsExpected)
== APP - academymanager ==          at Microsoft.EntityFrameworkCore.Storage.RelationalCommand.ExecuteReaderAsync(RelationalCommandParameterObject parameterObject, CancellationToken cancellationToken)
== APP - academymanager ==          at Microsoft.EntityFrameworkCore.Query.Internal.SingleQueryingEnumerable`1.AsyncEnumerator.InitializeReaderAsync(AsyncEnumerator enumerator, CancellationToken cancellationToken)
== APP - academymanager ==          at Microsoft.EntityFrameworkCore.SqlServer.Storage.Internal.SqlServerExecutionStrategy.ExecuteAsync[TState,TResult](TState state, Func`4 operation, Func`4 verifySucceeded, CancellationToken cancellationToken)
== APP - academymanager ==       ClientConnectionId:62ed4202-0034-4ef0-bc96-6662764120df
== APP - academymanager ==       Error Number:4060,State:1,Class:11
== APP - academymanager ==          --- End of inner exception stack trace ---
== APP - academymanager ==          at Microsoft.EntityFrameworkCore.SqlServer.Storage.Internal.SqlServerExecutionStrategy.ExecuteAsync[TState,TResult](TState state, Func`4 operation, Func`4 verifySucceeded, CancellationToken cancellationToken)
== APP - academymanager ==          at Microsoft.EntityFrameworkCore.Query.Internal.SingleQueryingEnumerable`1.AsyncEnumerator.MoveNextAsync()
== APP - academymanager ==       System.InvalidOperationException: An exception has been raised that is likely due to a transient failure. Consider enabling transient error resiliency by adding 'EnableRetryOnFailure' to the 'UseSqlServer' call.
== APP - academymanager ==        ---> Microsoft.Data.SqlClient.SqlException (0x80131904): Cannot open database "academy_manager" requested by the login. The login failed.
== APP - academymanager ==       Login failed for user 'sa'.
== APP - academymanager ==          at Microsoft.Data.SqlClient.SqlInternalConnection.OnError(SqlException exception, Boolean breakConnection, Action`1 wrapCloseInAction)
== APP - academymanager ==          at Microsoft.Data.SqlClient.TdsParser.ThrowExceptionAndWarning(TdsParserStateObject stateObj, Boolean callerHasConnectionLock, Boolean asyncClose)
== APP - academymanager ==          at Microsoft.Data.SqlClient.TdsParser.TryRun(RunBehavior runBehavior, SqlCommand cmdHandler, SqlDataReader dataStream, BulkCopySimpleResultSet bulkCopyHandler, TdsParserStateObject stateObj, Boolean& dataReady)
== APP - academymanager ==          at Microsoft.Data.SqlClient.TdsParser.Run(RunBehavior runBehavior, SqlCommand cmdHandler, SqlDataReader dataStream, BulkCopySimpleResultSet bulkCopyHandler, TdsParserStateObject stateObj)
== APP - academymanager ==          at Microsoft.Data.SqlClient.SqlInternalConnectionTds.CompleteLogin(Boolean enlistOK)
== APP - academymanager ==          at Microsoft.Data.SqlClient.SqlInternalConnectionTds.AttemptOneLogin(ServerInfo serverInfo, String newPassword, SecureString newSecurePassword, Boolean ignoreSniOpenTimeout, TimeoutTimer timeout, Boolean withFailover)
== APP - academymanager ==          at Microsoft.Data.SqlClient.SqlInternalConnectionTds.LoginNoFailover(ServerInfo serverInfo, String newPassword, SecureString newSecurePassword, Boolean redirectedUserInstance, SqlConnectionString connectionOptions, SqlCredential credential, TimeoutTimer timeout)
== APP - academymanager ==          at Microsoft.Data.SqlClient.SqlInternalConnectionTds.OpenLoginEnlist(TimeoutTimer timeout, SqlConnectionString connectionOptions, SqlCredential credential, String newPassword, SecureString newSecurePassword, Boolean redirectedUserInstance)
== APP - academymanager ==          at Microsoft.Data.SqlClient.SqlInternalConnectionTds..ctor(DbConnectionPoolIdentity identity, SqlConnectionString connectionOptions, SqlCredential credential, Object providerInfo, String newPassword, SecureString newSecurePassword, Boolean redirectedUserInstance, SqlConnectionString userConnectionOptions, SessionData reconnectSessionData, Boolean applyTransientFaultHandling, String accessToken, DbConnectionPool pool)
== APP - academymanager ==          at Microsoft.Data.SqlClient.SqlConnectionFactory.CreateConnection(DbConnectionOptions options, DbConnectionPoolKey poolKey, Object poolGroupProviderInfo, DbConnectionPool pool, DbConnection owningConnection, DbConnectionOptions userOptions)
== APP - academymanager ==          at Microsoft.Data.ProviderBase.DbConnectionFactory.CreatePooledConnection(DbConnectionPool pool, DbConnection owningObject, DbConnectionOptions options, DbConnectionPoolKey poolKey, DbConnectionOptions userOptions)
== APP - academymanager ==          at Microsoft.Data.ProviderBase.DbConnectionPool.CreateObject(DbConnection owningObject, DbConnectionOptions userOptions, DbConnectionInternal oldConnection)
== APP - academymanager ==          at Microsoft.Data.ProviderBase.DbConnectionPool.UserCreateRequest(DbConnection owningObject, DbConnectionOptions userOptions, DbConnectionInternal oldConnection)
== APP - academymanager ==          at Microsoft.Data.ProviderBase.DbConnectionPool.TryGetConnection(DbConnection owningObject, UInt32 waitForMultipleObjectsTimeout, Boolean allowCreate, Boolean onlyOneCheckConnection, DbConnectionOptions userOptions, DbConnectionInternal& connection)
== APP - academymanager ==          at Microsoft.Data.ProviderBase.DbConnectionPool.WaitForPendingOpen()
== APP - academymanager ==       --- End of stack trace from previous location ---
== APP - academymanager ==          at Microsoft.EntityFrameworkCore.Storage.RelationalConnection.OpenInternalAsync(Boolean errorsExpected, CancellationToken cancellationToken)
== APP - academymanager ==          at Microsoft.EntityFrameworkCore.Storage.RelationalConnection.OpenInternalAsync(Boolean errorsExpected, CancellationToken cancellationToken)
== APP - academymanager ==          at Microsoft.EntityFrameworkCore.Storage.RelationalConnection.OpenAsync(CancellationToken cancellationToken, Boolean errorsExpected)
== APP - academymanager ==          at Microsoft.EntityFrameworkCore.Storage.RelationalCommand.ExecuteReaderAsync(RelationalCommandParameterObject parameterObject, CancellationToken cancellationToken)
== APP - academymanager ==          at Microsoft.EntityFrameworkCore.Query.Internal.SingleQueryingEnumerable`1.AsyncEnumerator.InitializeReaderAsync(AsyncEnumerator enumerator, CancellationToken cancellationToken)
== APP - academymanager ==          at Microsoft.EntityFrameworkCore.SqlServer.Storage.Internal.SqlServerExecutionStrategy.ExecuteAsync[TState,TResult](TState state, Func`4 operation, Func`4 verifySucceeded, CancellationToken cancellationToken)
== APP - academymanager ==       ClientConnectionId:62ed4202-0034-4ef0-bc96-6662764120df
== APP - academymanager ==       Error Number:4060,State:1,Class:11
== APP - academymanager ==          --- End of inner exception stack trace ---
== APP - academymanager ==          at Microsoft.EntityFrameworkCore.SqlServer.Storage.Internal.SqlServerExecutionStrategy.ExecuteAsync[TState,TResult](TState state, Func`4 operation, Func`4 verifySucceeded, CancellationToken cancellationToken)
== APP - academymanager ==          at Microsoft.EntityFrameworkCore.Query.Internal.SingleQueryingEnumerable`1.AsyncEnumerator.MoveNextAsync()
== APP - academymanager == fail: Microsoft.AspNetCore.Diagnostics.DeveloperExceptionPageMiddleware[1]
== APP - academymanager ==       An unhandled exception has occurred while executing the request.
== APP - academymanager ==       System.InvalidOperationException: An exception has been raised that is likely due to a transient failure. Consider enabling transient error resiliency by adding 'EnableRetryOnFailure' to the 'UseSqlServer' call.
== APP - academymanager ==        ---> Microsoft.Data.SqlClient.SqlException (0x80131904): Cannot open database "academy_manager" requested by the login. The login failed.
== APP - academymanager ==       Login failed for user 'sa'.
== APP - academymanager ==          at Microsoft.Data.SqlClient.SqlInternalConnection.OnError(SqlException exception, Boolean breakConnection, Action`1 wrapCloseInAction)
== APP - academymanager ==          at Microsoft.Data.SqlClient.TdsParser.ThrowExceptionAndWarning(TdsParserStateObject stateObj, Boolean callerHasConnectionLock, Boolean asyncClose)
== APP - academymanager ==          at Microsoft.Data.SqlClient.TdsParser.TryRun(RunBehavior runBehavior, SqlCommand cmdHandler, SqlDataReader dataStream, BulkCopySimpleResultSet bulkCopyHandler, TdsParserStateObject stateObj, Boolean& dataReady)
== APP - academymanager ==          at Microsoft.Data.SqlClient.TdsParser.Run(RunBehavior runBehavior, SqlCommand cmdHandler, SqlDataReader dataStream, BulkCopySimpleResultSet bulkCopyHandler, TdsParserStateObject stateObj)
== APP - academymanager ==          at Microsoft.Data.SqlClient.SqlInternalConnectionTds.CompleteLogin(Boolean enlistOK)
== APP - academymanager ==          at Microsoft.Data.SqlClient.SqlInternalConnectionTds.AttemptOneLogin(ServerInfo serverInfo, String newPassword, SecureString newSecurePassword, Boolean ignoreSniOpenTimeout, TimeoutTimer timeout, Boolean withFailover)
== APP - academymanager ==          at Microsoft.Data.SqlClient.SqlInternalConnectionTds.LoginNoFailover(ServerInfo serverInfo, String newPassword, SecureString newSecurePassword, Boolean redirectedUserInstance, SqlConnectionString connectionOptions, SqlCredential credential, TimeoutTimer timeout)
== APP - academymanager ==          at Microsoft.Data.SqlClient.SqlInternalConnectionTds.OpenLoginEnlist(TimeoutTimer timeout, SqlConnectionString connectionOptions, SqlCredential credential, String newPassword, SecureString newSecurePassword, Boolean redirectedUserInstance)
== APP - academymanager ==          at Microsoft.Data.SqlClient.SqlInternalConnectionTds..ctor(DbConnectionPoolIdentity identity, SqlConnectionString connectionOptions, SqlCredential credential, Object providerInfo, String newPassword, SecureString newSecurePassword, Boolean redirectedUserInstance, SqlConnectionString userConnectionOptions, SessionData reconnectSessionData, Boolean applyTransientFaultHandling, String accessToken, DbConnectionPool pool)
== APP - academymanager ==          at Microsoft.Data.SqlClient.SqlConnectionFactory.CreateConnection(DbConnectionOptions options, DbConnectionPoolKey poolKey, Object poolGroupProviderInfo, DbConnectionPool pool, DbConnection owningConnection, DbConnectionOptions userOptions)
== APP - academymanager ==          at Microsoft.Data.ProviderBase.DbConnectionFactory.CreatePooledConnection(DbConnectionPool pool, DbConnection owningObject, DbConnectionOptions options, DbConnectionPoolKey poolKey, DbConnectionOptions userOptions)
== APP - academymanager ==          at Microsoft.Data.ProviderBase.DbConnectionPool.CreateObject(DbConnection owningObject, DbConnectionOptions userOptions, DbConnectionInternal oldConnection)
== APP - academymanager ==          at Microsoft.Data.ProviderBase.DbConnectionPool.UserCreateRequest(DbConnection owningObject, DbConnectionOptions userOptions, DbConnectionInternal oldConnection)
== APP - academymanager ==          at Microsoft.Data.ProviderBase.DbConnectionPool.TryGetConnection(DbConnection owningObject, UInt32 waitForMultipleObjectsTimeout, Boolean allowCreate, Boolean onlyOneCheckConnection, DbConnectionOptions userOptions, DbConnectionInternal& connection)
== APP - academymanager ==          at Microsoft.Data.ProviderBase.DbConnectionPool.WaitForPendingOpen()
== APP - academymanager ==       --- End of stack trace from previous location ---
== APP - academymanager ==          at Microsoft.EntityFrameworkCore.Storage.RelationalConnection.OpenInternalAsync(Boolean errorsExpected, CancellationToken cancellationToken)
== APP - academymanager ==          at Microsoft.EntityFrameworkCore.Storage.RelationalConnection.OpenInternalAsync(Boolean errorsExpected, CancellationToken cancellationToken)
== APP - academymanager ==          at Microsoft.EntityFrameworkCore.Storage.RelationalConnection.OpenAsync(CancellationToken cancellationToken, Boolean errorsExpected)
== APP - academymanager ==          at Microsoft.EntityFrameworkCore.Storage.RelationalCommand.ExecuteReaderAsync(RelationalCommandParameterObject parameterObject, CancellationToken cancellationToken)
== APP - academymanager ==          at Microsoft.EntityFrameworkCore.Query.Internal.SingleQueryingEnumerable`1.AsyncEnumerator.InitializeReaderAsync(AsyncEnumerator enumerator, CancellationToken cancellationToken)
== APP - academymanager ==          at Microsoft.EntityFrameworkCore.SqlServer.Storage.Internal.SqlServerExecutionStrategy.ExecuteAsync[TState,TResult](TState state, Func`4 operation, Func`4 verifySucceeded, CancellationToken cancellationToken)
== APP - academymanager ==       ClientConnectionId:62ed4202-0034-4ef0-bc96-6662764120df
== APP - academymanager ==       Error Number:4060,State:1,Class:11
== APP - academymanager ==          --- End of inner exception stack trace ---
== APP - academymanager ==          at Microsoft.EntityFrameworkCore.SqlServer.Storage.Internal.SqlServerExecutionStrategy.ExecuteAsync[TState,TResult](TState state, Func`4 operation, Func`4 verifySucceeded, CancellationToken cancellationToken)
== APP - academymanager ==          at Microsoft.EntityFrameworkCore.Query.Internal.SingleQueryingEnumerable`1.AsyncEnumerator.MoveNextAsync()
== APP - academymanager ==          at Microsoft.EntityFrameworkCore.EntityFrameworkQueryableExtensions.ToListAsync[TSource](IQueryable`1 source, CancellationToken cancellationToken)
== APP - academymanager ==          at Microsoft.EntityFrameworkCore.EntityFrameworkQueryableExtensions.ToListAsync[TSource](IQueryable`1 source, CancellationToken cancellationToken)
== APP - academymanager ==          at AcademyManager.Application.Handler.Academy.GetAllAcademiesQueryHandler.Handle(GetAllAcademiesQuery request, CancellationToken cancellationToken) in /mnt/d/Proyectos/Incluit/TechGroups/techgroup_dapr/AcademyManager/AcademyManager/Application/Handler/Academy/GetAllAcademiesQueryHandler.cs:line 21
== APP - academymanager ==          at AcademyManager.Controllers.AcademyController.GetAllAcademies() in /mnt/d/Proyectos/Incluit/TechGroups/techgroup_dapr/AcademyManager/AcademyManager/Controllers/AcademyController.cs:line 25
== APP - academymanager ==          at lambda_method5(Closure, Object)
== APP - academymanager ==          at Microsoft.AspNetCore.Mvc.Infrastructure.ActionMethodExecutor.AwaitableObjectResultExecutor.Execute(ActionContext actionContext, IActionResultTypeMapper mapper, ObjectMethodExecutor executor, Object controller, Object[] arguments)
== APP - academymanager ==          at Microsoft.AspNetCore.Mvc.Infrastructure.ControllerActionInvoker.<InvokeActionMethodAsync>g__Awaited|12_0(ControllerActionInvoker invoker, ValueTask`1 actionResultValueTask)
== APP - academymanager ==          at Microsoft.AspNetCore.Mvc.Infrastructure.ControllerActionInvoker.<InvokeNextActionFilterAsync>g__Awaited|10_0(ControllerActionInvoker invoker, Task lastTask, State next, Scope scope, Object state, Boolean isCompleted)
== APP - academymanager ==          at Microsoft.AspNetCore.Mvc.Infrastructure.ControllerActionInvoker.Rethrow(ActionExecutedContextSealed context)
== APP - academymanager ==          at Microsoft.AspNetCore.Mvc.Infrastructure.ControllerActionInvoker.Next(State& next, Scope& scope, Object& state, Boolean& isCompleted)
== APP - academymanager ==          at Microsoft.AspNetCore.Mvc.Infrastructure.ControllerActionInvoker.<InvokeInnerFilterAsync>g__Awaited|13_0(ControllerActionInvoker invoker, Task lastTask, State next, Scope scope, Object state, Boolean isCompleted)
== APP - academymanager ==          at Microsoft.AspNetCore.Mvc.Infrastructure.ResourceInvoker.<InvokeFilterPipelineAsync>g__Awaited|20_0(ResourceInvoker invoker, Task lastTask, State next, Scope scope, Object state, Boolean isCompleted)
== APP - academymanager ==          at Microsoft.AspNetCore.Mvc.Infrastructure.ResourceInvoker.<InvokeAsync>g__Awaited|17_0(ResourceInvoker invoker, Task task, IDisposable scope)
== APP - academymanager ==          at Microsoft.AspNetCore.Mvc.Infrastructure.ResourceInvoker.<InvokeAsync>g__Awaited|17_0(ResourceInvoker invoker, Task task, IDisposable scope)
== APP - academymanager ==          at Microsoft.AspNetCore.Routing.EndpointMiddleware.<Invoke>g__AwaitRequestTask|6_0(Endpoint endpoint, Task requestTask, ILogger logger)
== APP - academymanager ==          at Microsoft.AspNetCore.Authorization.AuthorizationMiddleware.Invoke(HttpContext context)
== APP - academymanager ==          at Swashbuckle.AspNetCore.SwaggerUI.SwaggerUIMiddleware.Invoke(HttpContext httpContext)
== APP - academymanager ==          at Swashbuckle.AspNetCore.Swagger.SwaggerMiddleware.Invoke(HttpContext httpContext, ISwaggerProvider swaggerProvider)
== APP - academymanager ==          at Microsoft.AspNetCore.Authentication.AuthenticationMiddleware.Invoke(HttpContext context)
== APP - academymanager ==          at Microsoft.AspNetCore.Diagnostics.DeveloperExceptionPageMiddlewareImpl.Invoke(HttpContext context)

termination signal received: shutting down
