Starting Dapr with id academymanager. HTTP Port: 41527. gRPC Port: 43531
Updating metadata for cliPID: 1196
time="2023-08-16T19:49:08.430935385-03:00" level=info msg="starting Dapr Runtime -- version 1.11.2 -- commit 83ca1abb11ffe34211db55dcd36d96b94252827a" app_id=academymanager instance=CODER_WS scope=dapr.runtime type=log ver=1.11.2
time="2023-08-16T19:49:08.431330379-03:00" level=info msg="log level set to: info" app_id=academymanager instance=CODER_WS scope=dapr.runtime type=log ver=1.11.2
time="2023-08-16T19:49:08.431582115-03:00" level=info msg="metrics server started on :40701/" app_id=academymanager instance=CODER_WS scope=dapr.metrics type=log ver=1.11.2
time="2023-08-16T19:49:08.432595349-03:00" level=info msg="Resiliency configuration loaded" app_id=academymanager instance=CODER_WS scope=dapr.runtime type=log ver=1.11.2
time="2023-08-16T19:49:08.432980466-03:00" level=info msg="standalone mode configured" app_id=academymanager instance=CODER_WS scope=dapr.runtime type=log ver=1.11.2
time="2023-08-16T19:49:08.433184384-03:00" level=info msg="app id: academymanager" app_id=academymanager instance=CODER_WS scope=dapr.runtime type=log ver=1.11.2
time="2023-08-16T19:49:08.433325014-03:00" level=info msg="mTLS is disabled. Skipping certificate request and tls validation" app_id=academymanager instance=CODER_WS scope=dapr.runtime type=log ver=1.11.2
time="2023-08-16T19:49:08.433551723-03:00" level=info msg="Dapr trace sampler initialized: DaprTraceSampler(P=1.000000)" app_id=academymanager instance=CODER_WS scope=dapr.runtime type=log ver=1.11.2
time="2023-08-16T19:49:08.433979388-03:00" level=info msg="local service entry announced: academymanager -> 172.19.3.255:39191" app_id=academymanager component="mdns (nameResolution/v1)" instance=CODER_WS scope=dapr.contrib type=log ver=1.11.2
time="2023-08-16T19:49:08.434175918-03:00" level=info msg="Initialized name resolution to mdns" app_id=academymanager instance=CODER_WS scope=dapr.runtime type=log ver=1.11.2
time="2023-08-16T19:49:08.434632487-03:00" level=info msg="Loading components…" app_id=academymanager instance=CODER_WS scope=dapr.runtime type=log ver=1.11.2
time="2023-08-16T19:49:08.437386916-03:00" level=info msg="Component loaded: pubsub (pubsub.redis/v1)" app_id=academymanager instance=CODER_WS scope=dapr.runtime type=log ver=1.11.2
time="2023-08-16T19:49:08.437687836-03:00" level=info msg="Waiting for all outstanding components to be processed" app_id=academymanager instance=CODER_WS scope=dapr.runtime type=log ver=1.11.2
time="2023-08-16T19:49:08.44005357-03:00" level=info msg="Using 'statestore' as actor state store" app_id=academymanager instance=CODER_WS scope=dapr.runtime type=log ver=1.11.2
time="2023-08-16T19:49:08.440243804-03:00" level=info msg="Component loaded: statestore (state.redis/v1)" app_id=academymanager instance=CODER_WS scope=dapr.runtime type=log ver=1.11.2
time="2023-08-16T19:49:08.440418874-03:00" level=info msg="All outstanding components processed" app_id=academymanager instance=CODER_WS scope=dapr.runtime type=log ver=1.11.2
time="2023-08-16T19:49:08.440567284-03:00" level=info msg="Loading endpoints" app_id=academymanager instance=CODER_WS scope=dapr.runtime type=log ver=1.11.2
time="2023-08-16T19:49:08.440865144-03:00" level=info msg="Waiting for all outstanding http endpoints to be processed" app_id=academymanager instance=CODER_WS scope=dapr.runtime type=log ver=1.11.2
time="2023-08-16T19:49:08.441085364-03:00" level=info msg="All outstanding http endpoints processed" app_id=academymanager instance=CODER_WS scope=dapr.runtime type=log ver=1.11.2
time="2023-08-16T19:49:08.441243139-03:00" level=info msg="gRPC proxy enabled" app_id=academymanager instance=CODER_WS scope=dapr.runtime type=log ver=1.11.2
time="2023-08-16T19:49:08.441402094-03:00" level=info msg="gRPC server listening on TCP address: :43531" app_id=academymanager instance=CODER_WS scope=dapr.runtime.grpc.api type=log ver=1.11.2
time="2023-08-16T19:49:08.441537504-03:00" level=info msg="Enabled gRPC tracing middleware" app_id=academymanager instance=CODER_WS scope=dapr.runtime.grpc.api type=log ver=1.11.2
time="2023-08-16T19:49:08.441725579-03:00" level=info msg="Enabled gRPC metrics middleware" app_id=academymanager instance=CODER_WS scope=dapr.runtime.grpc.api type=log ver=1.11.2
time="2023-08-16T19:49:08.441970713-03:00" level=info msg="Registering workflow engine for gRPC endpoint: [::]:43531" app_id=academymanager instance=CODER_WS scope=dapr.runtime.grpc.api type=log ver=1.11.2
time="2023-08-16T19:49:08.442136263-03:00" level=info msg="API gRPC server is running on port 43531" app_id=academymanager instance=CODER_WS scope=dapr.runtime type=log ver=1.11.2
time="2023-08-16T19:49:08.442549188-03:00" level=info msg="enabled metrics http middleware" app_id=academymanager instance=CODER_WS scope=dapr.runtime.http type=log ver=1.11.2
time="2023-08-16T19:49:08.442697113-03:00" level=info msg="enabled tracing http middleware" app_id=academymanager instance=CODER_WS scope=dapr.runtime.http type=log ver=1.11.2
time="2023-08-16T19:49:08.442860408-03:00" level=info msg="HTTP server listening on TCP address: :41527" app_id=academymanager instance=CODER_WS scope=dapr.runtime.http type=log ver=1.11.2
time="2023-08-16T19:49:08.443032123-03:00" level=info msg="http server is running on port 41527" app_id=academymanager instance=CODER_WS scope=dapr.runtime type=log ver=1.11.2
time="2023-08-16T19:49:08.44325306-03:00" level=info msg="The request body size parameter is: 4" app_id=academymanager instance=CODER_WS scope=dapr.runtime type=log ver=1.11.2
time="2023-08-16T19:49:08.443424831-03:00" level=info msg="gRPC server listening on TCP address: :39191" app_id=academymanager instance=CODER_WS scope=dapr.runtime.grpc.internal type=log ver=1.11.2
time="2023-08-16T19:49:08.44365253-03:00" level=info msg="Enabled gRPC tracing middleware" app_id=academymanager instance=CODER_WS scope=dapr.runtime.grpc.internal type=log ver=1.11.2
time="2023-08-16T19:49:08.44385031-03:00" level=info msg="Enabled gRPC metrics middleware" app_id=academymanager instance=CODER_WS scope=dapr.runtime.grpc.internal type=log ver=1.11.2
time="2023-08-16T19:49:08.444060451-03:00" level=info msg="internal gRPC server is running on port 39191" app_id=academymanager instance=CODER_WS scope=dapr.runtime type=log ver=1.11.2
time="2023-08-16T19:49:08.444271271-03:00" level=info msg="application protocol: http. waiting on port 8000.  This will block until the app is listening on that port." app_id=academymanager instance=CODER_WS scope=dapr.runtime type=log ver=1.11.2
Updating metadata for app command: dotnet run
Updating metadata for appPID: 1235
You're up and running! Dapr logs will appear here.

Exited Dapr successfully

termination signal received: shutting down
