Starting Dapr with id calendar. HTTP Port: 40951. gRPC Port: 43253
Updating metadata for cliPID: 1736
time="2023-08-16T19:57:29.189374814-03:00" level=info msg="starting Dapr Runtime -- version 1.11.2 -- commit 83ca1abb11ffe34211db55dcd36d96b94252827a" app_id=calendar instance=CODER_WS scope=dapr.runtime type=log ver=1.11.2
time="2023-08-16T19:57:29.18962198-03:00" level=info msg="log level set to: info" app_id=calendar instance=CODER_WS scope=dapr.runtime type=log ver=1.11.2
time="2023-08-16T19:57:29.18984318-03:00" level=info msg="metrics server started on :42067/" app_id=calendar instance=CODER_WS scope=dapr.metrics type=log ver=1.11.2
time="2023-08-16T19:57:29.19060312-03:00" level=info msg="Resiliency configuration loaded" app_id=calendar instance=CODER_WS scope=dapr.runtime type=log ver=1.11.2
time="2023-08-16T19:57:29.191165559-03:00" level=info msg="standalone mode configured" app_id=calendar instance=CODER_WS scope=dapr.runtime type=log ver=1.11.2
time="2023-08-16T19:57:29.191347689-03:00" level=info msg="app id: calendar" app_id=calendar instance=CODER_WS scope=dapr.runtime type=log ver=1.11.2
time="2023-08-16T19:57:29.191488004-03:00" level=info msg="mTLS is disabled. Skipping certificate request and tls validation" app_id=calendar instance=CODER_WS scope=dapr.runtime type=log ver=1.11.2
time="2023-08-16T19:57:29.191684269-03:00" level=info msg="Dapr trace sampler initialized: DaprTraceSampler(P=1.000000)" app_id=calendar instance=CODER_WS scope=dapr.runtime type=log ver=1.11.2
time="2023-08-16T19:57:29.192060409-03:00" level=info msg="local service entry announced: calendar -> 172.19.3.255:38693" app_id=calendar component="mdns (nameResolution/v1)" instance=CODER_WS scope=dapr.contrib type=log ver=1.11.2
time="2023-08-16T19:57:29.192285219-03:00" level=info msg="Initialized name resolution to mdns" app_id=calendar instance=CODER_WS scope=dapr.runtime type=log ver=1.11.2
time="2023-08-16T19:57:29.192506671-03:00" level=info msg="Loading components…" app_id=calendar instance=CODER_WS scope=dapr.runtime type=log ver=1.11.2
time="2023-08-16T19:57:29.195167031-03:00" level=info msg="Component loaded: pubsub (pubsub.redis/v1)" app_id=calendar instance=CODER_WS scope=dapr.runtime type=log ver=1.11.2
time="2023-08-16T19:57:29.195473382-03:00" level=info msg="Waiting for all outstanding components to be processed" app_id=calendar instance=CODER_WS scope=dapr.runtime type=log ver=1.11.2
time="2023-08-16T19:57:29.197949375-03:00" level=info msg="Using 'statestore' as actor state store" app_id=calendar instance=CODER_WS scope=dapr.runtime type=log ver=1.11.2
time="2023-08-16T19:57:29.198183525-03:00" level=info msg="Component loaded: statestore (state.redis/v1)" app_id=calendar instance=CODER_WS scope=dapr.runtime type=log ver=1.11.2
time="2023-08-16T19:57:29.198353935-03:00" level=info msg="All outstanding components processed" app_id=calendar instance=CODER_WS scope=dapr.runtime type=log ver=1.11.2
time="2023-08-16T19:57:29.198510839-03:00" level=info msg="Loading endpoints" app_id=calendar instance=CODER_WS scope=dapr.runtime type=log ver=1.11.2
time="2023-08-16T19:57:29.198860745-03:00" level=info msg="Waiting for all outstanding http endpoints to be processed" app_id=calendar instance=CODER_WS scope=dapr.runtime type=log ver=1.11.2
time="2023-08-16T19:57:29.199015805-03:00" level=info msg="All outstanding http endpoints processed" app_id=calendar instance=CODER_WS scope=dapr.runtime type=log ver=1.11.2
time="2023-08-16T19:57:29.199183425-03:00" level=info msg="gRPC proxy enabled" app_id=calendar instance=CODER_WS scope=dapr.runtime type=log ver=1.11.2
time="2023-08-16T19:57:29.199335275-03:00" level=info msg="gRPC server listening on TCP address: :43253" app_id=calendar instance=CODER_WS scope=dapr.runtime.grpc.api type=log ver=1.11.2
time="2023-08-16T19:57:29.199463494-03:00" level=info msg="Enabled gRPC tracing middleware" app_id=calendar instance=CODER_WS scope=dapr.runtime.grpc.api type=log ver=1.11.2
time="2023-08-16T19:57:29.199583934-03:00" level=info msg="Enabled gRPC metrics middleware" app_id=calendar instance=CODER_WS scope=dapr.runtime.grpc.api type=log ver=1.11.2
time="2023-08-16T19:57:29.199796524-03:00" level=info msg="Registering workflow engine for gRPC endpoint: [::]:43253" app_id=calendar instance=CODER_WS scope=dapr.runtime.grpc.api type=log ver=1.11.2
time="2023-08-16T19:57:29.199950894-03:00" level=info msg="API gRPC server is running on port 43253" app_id=calendar instance=CODER_WS scope=dapr.runtime type=log ver=1.11.2
time="2023-08-16T19:57:29.200425519-03:00" level=info msg="enabled metrics http middleware" app_id=calendar instance=CODER_WS scope=dapr.runtime.http type=log ver=1.11.2
time="2023-08-16T19:57:29.200582324-03:00" level=info msg="enabled tracing http middleware" app_id=calendar instance=CODER_WS scope=dapr.runtime.http type=log ver=1.11.2
time="2023-08-16T19:57:29.200725514-03:00" level=info msg="HTTP server listening on TCP address: :40951" app_id=calendar instance=CODER_WS scope=dapr.runtime.http type=log ver=1.11.2
time="2023-08-16T19:57:29.200891274-03:00" level=info msg="http server is running on port 40951" app_id=calendar instance=CODER_WS scope=dapr.runtime type=log ver=1.11.2
time="2023-08-16T19:57:29.201027779-03:00" level=info msg="The request body size parameter is: 4" app_id=calendar instance=CODER_WS scope=dapr.runtime type=log ver=1.11.2
time="2023-08-16T19:57:29.201220753-03:00" level=info msg="gRPC server listening on TCP address: :38693" app_id=calendar instance=CODER_WS scope=dapr.runtime.grpc.internal type=log ver=1.11.2
time="2023-08-16T19:57:29.201355643-03:00" level=info msg="Enabled gRPC tracing middleware" app_id=calendar instance=CODER_WS scope=dapr.runtime.grpc.internal type=log ver=1.11.2
time="2023-08-16T19:57:29.201480013-03:00" level=info msg="Enabled gRPC metrics middleware" app_id=calendar instance=CODER_WS scope=dapr.runtime.grpc.internal type=log ver=1.11.2
time="2023-08-16T19:57:29.201652893-03:00" level=info msg="internal gRPC server is running on port 38693" app_id=calendar instance=CODER_WS scope=dapr.runtime type=log ver=1.11.2
time="2023-08-16T19:57:29.201783718-03:00" level=info msg="application protocol: http. waiting on port 8001.  This will block until the app is listening on that port." app_id=calendar instance=CODER_WS scope=dapr.runtime type=log ver=1.11.2
Updating metadata for app command: java -jar calendar-0.0.1-SNAPSHOT.jar
Updating metadata for appPID: 1776
You're up and running! Dapr logs will appear here.


termination signal received: shutting down
Exited Dapr successfully
