Starting Dapr with id calendar. HTTP Port: 41971. gRPC Port: 40637
Updating metadata for cliPID: 1635
time="2023-08-16T19:56:28.873218401-03:00" level=info msg="starting Dapr Runtime -- version 1.11.2 -- commit 83ca1abb11ffe34211db55dcd36d96b94252827a" app_id=calendar instance=CODER_WS scope=dapr.runtime type=log ver=1.11.2
time="2023-08-16T19:56:28.873454097-03:00" level=info msg="log level set to: info" app_id=calendar instance=CODER_WS scope=dapr.runtime type=log ver=1.11.2
time="2023-08-16T19:56:28.873679317-03:00" level=info msg="metrics server started on :33833/" app_id=calendar instance=CODER_WS scope=dapr.metrics type=log ver=1.11.2
time="2023-08-16T19:56:28.874411836-03:00" level=info msg="Resiliency configuration loaded" app_id=calendar instance=CODER_WS scope=dapr.runtime type=log ver=1.11.2
time="2023-08-16T19:56:28.87493124-03:00" level=info msg="standalone mode configured" app_id=calendar instance=CODER_WS scope=dapr.runtime type=log ver=1.11.2
time="2023-08-16T19:56:28.875107696-03:00" level=info msg="app id: calendar" app_id=calendar instance=CODER_WS scope=dapr.runtime type=log ver=1.11.2
time="2023-08-16T19:56:28.875249116-03:00" level=info msg="mTLS is disabled. Skipping certificate request and tls validation" app_id=calendar instance=CODER_WS scope=dapr.runtime type=log ver=1.11.2
time="2023-08-16T19:56:28.875425666-03:00" level=info msg="Dapr trace sampler initialized: DaprTraceSampler(P=1.000000)" app_id=calendar instance=CODER_WS scope=dapr.runtime type=log ver=1.11.2
time="2023-08-16T19:56:28.875815265-03:00" level=info msg="local service entry announced: calendar -> 172.19.3.255:39565" app_id=calendar component="mdns (nameResolution/v1)" instance=CODER_WS scope=dapr.contrib type=log ver=1.11.2
time="2023-08-16T19:56:28.876018759-03:00" level=info msg="Initialized name resolution to mdns" app_id=calendar instance=CODER_WS scope=dapr.runtime type=log ver=1.11.2
time="2023-08-16T19:56:28.87630136-03:00" level=info msg="Loading components…" app_id=calendar instance=CODER_WS scope=dapr.runtime type=log ver=1.11.2
time="2023-08-16T19:56:28.879111787-03:00" level=info msg="Component loaded: pubsub (pubsub.redis/v1)" app_id=calendar instance=CODER_WS scope=dapr.runtime type=log ver=1.11.2
time="2023-08-16T19:56:28.879430667-03:00" level=info msg="Waiting for all outstanding components to be processed" app_id=calendar instance=CODER_WS scope=dapr.runtime type=log ver=1.11.2
time="2023-08-16T19:56:28.882358294-03:00" level=info msg="Using 'statestore' as actor state store" app_id=calendar instance=CODER_WS scope=dapr.runtime type=log ver=1.11.2
time="2023-08-16T19:56:28.882633636-03:00" level=info msg="Component loaded: statestore (state.redis/v1)" app_id=calendar instance=CODER_WS scope=dapr.runtime type=log ver=1.11.2
time="2023-08-16T19:56:28.882853671-03:00" level=info msg="All outstanding components processed" app_id=calendar instance=CODER_WS scope=dapr.runtime type=log ver=1.11.2
time="2023-08-16T19:56:28.883037806-03:00" level=info msg="Loading endpoints" app_id=calendar instance=CODER_WS scope=dapr.runtime type=log ver=1.11.2
time="2023-08-16T19:56:28.883476621-03:00" level=info msg="Waiting for all outstanding http endpoints to be processed" app_id=calendar instance=CODER_WS scope=dapr.runtime type=log ver=1.11.2
time="2023-08-16T19:56:28.883635141-03:00" level=info msg="All outstanding http endpoints processed" app_id=calendar instance=CODER_WS scope=dapr.runtime type=log ver=1.11.2
time="2023-08-16T19:56:28.883801283-03:00" level=info msg="gRPC proxy enabled" app_id=calendar instance=CODER_WS scope=dapr.runtime type=log ver=1.11.2
time="2023-08-16T19:56:28.884004233-03:00" level=info msg="gRPC server listening on TCP address: :40637" app_id=calendar instance=CODER_WS scope=dapr.runtime.grpc.api type=log ver=1.11.2
time="2023-08-16T19:56:28.88417591-03:00" level=info msg="Enabled gRPC tracing middleware" app_id=calendar instance=CODER_WS scope=dapr.runtime.grpc.api type=log ver=1.11.2
time="2023-08-16T19:56:28.884339754-03:00" level=info msg="Enabled gRPC metrics middleware" app_id=calendar instance=CODER_WS scope=dapr.runtime.grpc.api type=log ver=1.11.2
time="2023-08-16T19:56:28.884614093-03:00" level=info msg="Registering workflow engine for gRPC endpoint: [::]:40637" app_id=calendar instance=CODER_WS scope=dapr.runtime.grpc.api type=log ver=1.11.2
time="2023-08-16T19:56:28.884805423-03:00" level=info msg="API gRPC server is running on port 40637" app_id=calendar instance=CODER_WS scope=dapr.runtime type=log ver=1.11.2
time="2023-08-16T19:56:28.88526985-03:00" level=info msg="enabled metrics http middleware" app_id=calendar instance=CODER_WS scope=dapr.runtime.http type=log ver=1.11.2
time="2023-08-16T19:56:28.885444002-03:00" level=info msg="enabled tracing http middleware" app_id=calendar instance=CODER_WS scope=dapr.runtime.http type=log ver=1.11.2
time="2023-08-16T19:56:28.885618364-03:00" level=info msg="HTTP server listening on TCP address: :41971" app_id=calendar instance=CODER_WS scope=dapr.runtime.http type=log ver=1.11.2
time="2023-08-16T19:56:28.885829724-03:00" level=info msg="http server is running on port 41971" app_id=calendar instance=CODER_WS scope=dapr.runtime type=log ver=1.11.2
time="2023-08-16T19:56:28.885986794-03:00" level=info msg="The request body size parameter is: 4" app_id=calendar instance=CODER_WS scope=dapr.runtime type=log ver=1.11.2
time="2023-08-16T19:56:28.886167023-03:00" level=info msg="gRPC server listening on TCP address: :39565" app_id=calendar instance=CODER_WS scope=dapr.runtime.grpc.internal type=log ver=1.11.2
time="2023-08-16T19:56:28.886335172-03:00" level=info msg="Enabled gRPC tracing middleware" app_id=calendar instance=CODER_WS scope=dapr.runtime.grpc.internal type=log ver=1.11.2
time="2023-08-16T19:56:28.886495179-03:00" level=info msg="Enabled gRPC metrics middleware" app_id=calendar instance=CODER_WS scope=dapr.runtime.grpc.internal type=log ver=1.11.2
time="2023-08-16T19:56:28.886687224-03:00" level=info msg="internal gRPC server is running on port 39565" app_id=calendar instance=CODER_WS scope=dapr.runtime type=log ver=1.11.2
time="2023-08-16T19:56:28.886854664-03:00" level=info msg="application protocol: http. waiting on port 8001.  This will block until the app is listening on that port." app_id=calendar instance=CODER_WS scope=dapr.runtime type=log ver=1.11.2
Updating metadata for app command: java -jar /target/calendar-1.0-SNAPSHOT.jar
Updating metadata for appPID: 1674
You're up and running! Dapr logs will appear here.


termination signal received: shutting down
Exited Dapr successfully
