Starting Dapr with id calendar. HTTP Port: 46345. gRPC Port: 44733
Updating metadata for cliPID: 1803
time="2023-08-16T19:57:40.731579921-03:00" level=info msg="starting Dapr Runtime -- version 1.11.2 -- commit 83ca1abb11ffe34211db55dcd36d96b94252827a" app_id=calendar instance=CODER_WS scope=dapr.runtime type=log ver=1.11.2
time="2023-08-16T19:57:40.731778293-03:00" level=info msg="log level set to: info" app_id=calendar instance=CODER_WS scope=dapr.runtime type=log ver=1.11.2
time="2023-08-16T19:57:40.732046595-03:00" level=info msg="metrics server started on :35101/" app_id=calendar instance=CODER_WS scope=dapr.metrics type=log ver=1.11.2
time="2023-08-16T19:57:40.732797913-03:00" level=info msg="Resiliency configuration loaded" app_id=calendar instance=CODER_WS scope=dapr.runtime type=log ver=1.11.2
time="2023-08-16T19:57:40.73338947-03:00" level=info msg="standalone mode configured" app_id=calendar instance=CODER_WS scope=dapr.runtime type=log ver=1.11.2
time="2023-08-16T19:57:40.733566143-03:00" level=info msg="app id: calendar" app_id=calendar instance=CODER_WS scope=dapr.runtime type=log ver=1.11.2
time="2023-08-16T19:57:40.733738809-03:00" level=info msg="mTLS is disabled. Skipping certificate request and tls validation" app_id=calendar instance=CODER_WS scope=dapr.runtime type=log ver=1.11.2
time="2023-08-16T19:57:40.733979403-03:00" level=info msg="Dapr trace sampler initialized: DaprTraceSampler(P=1.000000)" app_id=calendar instance=CODER_WS scope=dapr.runtime type=log ver=1.11.2
time="2023-08-16T19:57:40.734416269-03:00" level=info msg="local service entry announced: calendar -> 172.19.3.255:41393" app_id=calendar component="mdns (nameResolution/v1)" instance=CODER_WS scope=dapr.contrib type=log ver=1.11.2
time="2023-08-16T19:57:40.734702091-03:00" level=info msg="Initialized name resolution to mdns" app_id=calendar instance=CODER_WS scope=dapr.runtime type=log ver=1.11.2
time="2023-08-16T19:57:40.735019363-03:00" level=info msg="Loading components…" app_id=calendar instance=CODER_WS scope=dapr.runtime type=log ver=1.11.2
time="2023-08-16T19:57:40.738494357-03:00" level=info msg="Component loaded: pubsub (pubsub.redis/v1)" app_id=calendar instance=CODER_WS scope=dapr.runtime type=log ver=1.11.2
time="2023-08-16T19:57:40.738823316-03:00" level=info msg="Waiting for all outstanding components to be processed" app_id=calendar instance=CODER_WS scope=dapr.runtime type=log ver=1.11.2
time="2023-08-16T19:57:40.741035559-03:00" level=info msg="Using 'statestore' as actor state store" app_id=calendar instance=CODER_WS scope=dapr.runtime type=log ver=1.11.2
time="2023-08-16T19:57:40.741289187-03:00" level=info msg="Component loaded: statestore (state.redis/v1)" app_id=calendar instance=CODER_WS scope=dapr.runtime type=log ver=1.11.2
time="2023-08-16T19:57:40.7414974-03:00" level=info msg="All outstanding components processed" app_id=calendar instance=CODER_WS scope=dapr.runtime type=log ver=1.11.2
time="2023-08-16T19:57:40.74170725-03:00" level=info msg="Loading endpoints" app_id=calendar instance=CODER_WS scope=dapr.runtime type=log ver=1.11.2
time="2023-08-16T19:57:40.742085475-03:00" level=info msg="Waiting for all outstanding http endpoints to be processed" app_id=calendar instance=CODER_WS scope=dapr.runtime type=log ver=1.11.2
time="2023-08-16T19:57:40.742259019-03:00" level=info msg="All outstanding http endpoints processed" app_id=calendar instance=CODER_WS scope=dapr.runtime type=log ver=1.11.2
time="2023-08-16T19:57:40.742430304-03:00" level=info msg="gRPC proxy enabled" app_id=calendar instance=CODER_WS scope=dapr.runtime type=log ver=1.11.2
time="2023-08-16T19:57:40.742653204-03:00" level=info msg="gRPC server listening on TCP address: :44733" app_id=calendar instance=CODER_WS scope=dapr.runtime.grpc.api type=log ver=1.11.2
time="2023-08-16T19:57:40.742802164-03:00" level=info msg="Enabled gRPC tracing middleware" app_id=calendar instance=CODER_WS scope=dapr.runtime.grpc.api type=log ver=1.11.2
time="2023-08-16T19:57:40.742935549-03:00" level=info msg="Enabled gRPC metrics middleware" app_id=calendar instance=CODER_WS scope=dapr.runtime.grpc.api type=log ver=1.11.2
time="2023-08-16T19:57:40.743202264-03:00" level=info msg="Registering workflow engine for gRPC endpoint: [::]:44733" app_id=calendar instance=CODER_WS scope=dapr.runtime.grpc.api type=log ver=1.11.2
time="2023-08-16T19:57:40.743385966-03:00" level=info msg="API gRPC server is running on port 44733" app_id=calendar instance=CODER_WS scope=dapr.runtime type=log ver=1.11.2
time="2023-08-16T19:57:40.743853516-03:00" level=info msg="enabled metrics http middleware" app_id=calendar instance=CODER_WS scope=dapr.runtime.http type=log ver=1.11.2
time="2023-08-16T19:57:40.744042153-03:00" level=info msg="enabled tracing http middleware" app_id=calendar instance=CODER_WS scope=dapr.runtime.http type=log ver=1.11.2
time="2023-08-16T19:57:40.744310933-03:00" level=info msg="HTTP server listening on TCP address: :46345" app_id=calendar instance=CODER_WS scope=dapr.runtime.http type=log ver=1.11.2
time="2023-08-16T19:57:40.744512588-03:00" level=info msg="http server is running on port 46345" app_id=calendar instance=CODER_WS scope=dapr.runtime type=log ver=1.11.2
time="2023-08-16T19:57:40.744677957-03:00" level=info msg="The request body size parameter is: 4" app_id=calendar instance=CODER_WS scope=dapr.runtime type=log ver=1.11.2
time="2023-08-16T19:57:40.744865933-03:00" level=info msg="gRPC server listening on TCP address: :41393" app_id=calendar instance=CODER_WS scope=dapr.runtime.grpc.internal type=log ver=1.11.2
time="2023-08-16T19:57:40.745063158-03:00" level=info msg="Enabled gRPC tracing middleware" app_id=calendar instance=CODER_WS scope=dapr.runtime.grpc.internal type=log ver=1.11.2
time="2023-08-16T19:57:40.745203278-03:00" level=info msg="Enabled gRPC metrics middleware" app_id=calendar instance=CODER_WS scope=dapr.runtime.grpc.internal type=log ver=1.11.2
time="2023-08-16T19:57:40.745437728-03:00" level=info msg="internal gRPC server is running on port 41393" app_id=calendar instance=CODER_WS scope=dapr.runtime type=log ver=1.11.2
time="2023-08-16T19:57:40.745646095-03:00" level=info msg="application protocol: http. waiting on port 8001.  This will block until the app is listening on that port." app_id=calendar instance=CODER_WS scope=dapr.runtime type=log ver=1.11.2
Updating metadata for app command: java -jar /target/calendar-0.0.1-SNAPSHOT.jar
Updating metadata for appPID: 1844
You're up and running! Dapr logs will appear here.


termination signal received: shutting down
Exited Dapr successfully
